#
# There is insufficient memory for the Java Runtime Environment to continue.
# Native memory allocation (mmap) failed to map 264241152 bytes for committing reserved memory.
# Possible reasons:
#   The system is out of physical RAM or swap space
#   The process is running with CompressedOops enabled, and the Java Heap may be blocking the growth of the native heap
# Possible solutions:
#   Reduce memory load on the system
#   Increase physical memory or swap space
#   Check if swap backing store is full
#   Decrease Java heap size (-Xmx/-Xms)
#   Decrease number of Java threads
#   Decrease Java thread stack sizes (-Xss)
#   Set larger code cache with -XX:ReservedCodeCacheSize=
# This output file may be truncated or incomplete.
#
#  Out of Memory Error (os_linux.cpp:2922), pid=47334, tid=47340
#
# JRE version:  (11.0.9.1+1) (build )
# Java VM: OpenJDK 64-Bit Server VM (11.0.9.1+1-Ubuntu-0ubuntu1.18.04, mixed mode, sharing, tiered, compressed oops, g1 gc, linux-amd64)
# Core dump will be written. Default location: Core dumps may be processed with "/usr/share/apport/apport %p %s %c %d %P %E" (or dumping to /home/viewadmin/selenium/java/Selenium-Idea/core.47334)
#

---------------  S U M M A R Y ------------

Command Line: -Dallure.results.directory=/home/viewadmin/selenium/java/Selenium-Idea/build/allure-results -Dorg.gradle.native=false -Dselenide.browser=firefox -javaagent:/home/viewadmin/.gradle/caches/modules-2/files-2.1/org.aspectj/aspectjweaver/1.8.10/e198c5fee28988c355f74e06461614eae36b2032/aspectjweaver-1.8.10.jar -Xmx512m -Dfile.encoding=UTF-8 -Duser.country=US -Duser.language=en -Duser.variant -ea worker.org.gradle.process.internal.worker.GradleWorkerMain 'Gradle Test Executor 15'

Host: Intel(R) Xeon(R) CPU E5-2620 v3 @ 2.40GHz, 2 cores, 15G, Ubuntu 18.04.5 LTS
Time: Wed Feb  3 15:00:56 2021 CET elapsed time: 0.041066 seconds (0d 0h 0m 0s)

---------------  T H R E A D  ---------------

Current thread (0x00007fb50c01b000):  JavaThread "Unknown thread" [_thread_in_vm, id=47340, stack(0x00007fb515f94000,0x00007fb516095000)]

Stack: [0x00007fb515f94000,0x00007fb516095000],  sp=0x00007fb516093220,  free space=1020k
Native frames: (J=compiled Java code, A=aot compiled Java code, j=interpreted, Vv=VM code, C=native code)
V  [libjvm.so+0xee9509]
V  [libjvm.so+0xeea19b]
V  [libjvm.so+0x681a15]
V  [libjvm.so+0xc13ae8]
V  [libjvm.so+0xc0a59d]
V  [libjvm.so+0x7a0b4f]
V  [libjvm.so+0x7a0dbe]
V  [libjvm.so+0x7acf70]
V  [libjvm.so+0x8293f9]
V  [libjvm.so+0x82a052]
V  [libjvm.so+0x82a4b9]
V  [libjvm.so+0x75e5df]
V  [libjvm.so+0x75eccd]
V  [libjvm.so+0xea4232]
V  [libjvm.so+0xea44e6]
V  [libjvm.so+0x84cd87]
V  [libjvm.so+0xe7b90f]
V  [libjvm.so+0x9050c1]  JNI_CreateJavaVM+0x51
C  [libjli.so+0x4c5f]
C  [libjli.so+0x949d]


---------------  P R O C E S S  ---------------

Threads class SMR info:
_java_thread_list=0x0000560a78433910, length=0, elements={
}

Java Threads: ( => current thread )

Other Threads:
  0x00007fb50c033000 GCTaskThread "GC Thread#0" [stack: 0x00007fb511c54000,0x00007fb511d54000] [id=47341]
  0x00007fb50c043800 ConcurrentGCThread "G1 Main Marker" [stack: 0x00007fb510650000,0x00007fb510750000] [id=47342]
  0x00007fb50c045800 ConcurrentGCThread "G1 Conc#0" [stack: 0x00007fb51054e000,0x00007fb51064e000] [id=47343]

[error occurred during error reporting (printing all threads), id 0xb, SIGSEGV (0xb) at pc=0x00007fb51447ea20]

VM state:not at safepoint (not fully initialized)

VM Mutex/Monitor currently owned by a thread:  ([mutex/lock_event])
[0x00007fb50c0173d0] Heap_lock - owner thread: 0x00007fb50c01b000

Heap address: 0x00000000e0000000, size: 512 MB, Compressed Oops mode: Non-zero based: 0x00000000e0000000
Narrow klass base: 0x0000000000000000, Narrow klass shift: 0

GC Heap History (0 events):
No events

Deoptimization events (0 events):
No events

Classes redefined (0 events):
No events

Internal exceptions (0 events):
No events

Events (2 events):
Event: 0.018 Protecting memory [0x00007fb515f94000,0x00007fb515f98000] with protection modes 0
Event: 0.020 Loaded shared library /usr/lib/jvm/java-11-openjdk-amd64/lib/libzip.so


Dynamic libraries:
efc00000-100000000 ---p 00000000 00:00 0 
560a76dc5000-560a76dc6000 r-xp 00000000 08:01 818312                     /usr/lib/jvm/java-11-openjdk-amd64/bin/java
560a76fc6000-560a76fc7000 r--p 00001000 08:01 818312                     /usr/lib/jvm/java-11-openjdk-amd64/bin/java
560a76fc7000-560a76fc8000 rw-p 00002000 08:01 818312                     /usr/lib/jvm/java-11-openjdk-amd64/bin/java
560a78419000-560a7843a000 rw-p 00000000 00:00 0                          [heap]
7fb4e6000000-7fb4e8000000 rw-p 00000000 00:00 0 
7fb4e8000000-7fb4e8021000 rw-p 00000000 00:00 0 
7fb4e8021000-7fb4ec000000 ---p 00000000 00:00 0 
7fb4ec000000-7fb4ec021000 rw-p 00000000 00:00 0 
7fb4ec021000-7fb4f0000000 ---p 00000000 00:00 0 
7fb4f0000000-7fb4f0021000 rw-p 00000000 00:00 0 
7fb4f0021000-7fb4f4000000 ---p 00000000 00:00 0 
7fb4f4899000-7fb4f4b09000 rwxp 00000000 00:00 0 
7fb4f4b09000-7fb4f4e28000 ---p 00000000 00:00 0 
7fb4f4e28000-7fb4f5098000 rwxp 00000000 00:00 0 
7fb4f5098000-7fb4fc360000 ---p 00000000 00:00 0 
7fb4fc360000-7fb4fc5d0000 rwxp 00000000 00:00 0 
7fb4fc5d0000-7fb503899000 ---p 00000000 00:00 0 
7fb503899000-7fb50c000000 r--s 00000000 08:01 818394                     /usr/lib/jvm/java-11-openjdk-amd64/lib/modules
7fb50c000000-7fb50c058000 rw-p 00000000 00:00 0 
7fb50c058000-7fb510000000 ---p 00000000 00:00 0 
7fb51034a000-7fb51054c000 rw-p 00000000 00:00 0 
7fb51054c000-7fb51054d000 ---p 00000000 00:00 0 
7fb51054d000-7fb51064e000 rw-p 00000000 00:00 0 
7fb51064e000-7fb51064f000 ---p 00000000 00:00 0 
7fb51064f000-7fb510750000 rw-p 00000000 00:00 0 
7fb510750000-7fb511a50000 ---p 00000000 00:00 0 
7fb511a50000-7fb511c52000 rw-p 00000000 00:00 0 
7fb511c52000-7fb511c53000 ---p 00000000 00:00 0 
7fb511c53000-7fb511d59000 rw-p 00000000 00:00 0 
7fb511d59000-7fb511e3f000 ---p 00000000 00:00 0 
7fb511e3f000-7fb511e44000 rw-p 00000000 00:00 0 
7fb511e44000-7fb511f2a000 ---p 00000000 00:00 0 
7fb511f2a000-7fb511f31000 r-xp 00000000 08:01 818393                     /usr/lib/jvm/java-11-openjdk-amd64/lib/libzip.so
7fb511f31000-7fb512130000 ---p 00007000 08:01 818393                     /usr/lib/jvm/java-11-openjdk-amd64/lib/libzip.so
7fb512130000-7fb512131000 r--p 00006000 08:01 818393                     /usr/lib/jvm/java-11-openjdk-amd64/lib/libzip.so
7fb512131000-7fb512132000 rw-p 00007000 08:01 818393                     /usr/lib/jvm/java-11-openjdk-amd64/lib/libzip.so
7fb512132000-7fb51213d000 r-xp 00000000 08:01 660751                     /lib/x86_64-linux-gnu/libnss_files-2.27.so
7fb51213d000-7fb51233c000 ---p 0000b000 08:01 660751                     /lib/x86_64-linux-gnu/libnss_files-2.27.so
7fb51233c000-7fb51233d000 r--p 0000a000 08:01 660751                     /lib/x86_64-linux-gnu/libnss_files-2.27.so
7fb51233d000-7fb51233e000 rw-p 0000b000 08:01 660751                     /lib/x86_64-linux-gnu/libnss_files-2.27.so
7fb51233e000-7fb512344000 rw-p 00000000 00:00 0 
7fb512344000-7fb51235b000 r-xp 00000000 08:01 660747                     /lib/x86_64-linux-gnu/libnsl-2.27.so
7fb51235b000-7fb51255a000 ---p 00017000 08:01 660747                     /lib/x86_64-linux-gnu/libnsl-2.27.so
7fb51255a000-7fb51255b000 r--p 00016000 08:01 660747                     /lib/x86_64-linux-gnu/libnsl-2.27.so
7fb51255b000-7fb51255c000 rw-p 00017000 08:01 660747                     /lib/x86_64-linux-gnu/libnsl-2.27.so
7fb51255c000-7fb51255e000 rw-p 00000000 00:00 0 
7fb51255e000-7fb512569000 r-xp 00000000 08:01 660753                     /lib/x86_64-linux-gnu/libnss_nis-2.27.so
7fb512569000-7fb512768000 ---p 0000b000 08:01 660753                     /lib/x86_64-linux-gnu/libnss_nis-2.27.so
7fb512768000-7fb512769000 r--p 0000a000 08:01 660753                     /lib/x86_64-linux-gnu/libnss_nis-2.27.so
7fb512769000-7fb51276a000 rw-p 0000b000 08:01 660753                     /lib/x86_64-linux-gnu/libnss_nis-2.27.so
7fb51276a000-7fb512772000 r-xp 00000000 08:01 660749                     /lib/x86_64-linux-gnu/libnss_compat-2.27.so
7fb512772000-7fb512972000 ---p 00008000 08:01 660749                     /lib/x86_64-linux-gnu/libnss_compat-2.27.so
7fb512972000-7fb512973000 r--p 00008000 08:01 660749                     /lib/x86_64-linux-gnu/libnss_compat-2.27.so
7fb512973000-7fb512974000 rw-p 00009000 08:01 660749                     /lib/x86_64-linux-gnu/libnss_compat-2.27.so
7fb512974000-7fb51297e000 r-xp 00000000 08:01 818367                     /usr/lib/jvm/java-11-openjdk-amd64/lib/libinstrument.so
7fb51297e000-7fb512b7d000 ---p 0000a000 08:01 818367                     /usr/lib/jvm/java-11-openjdk-amd64/lib/libinstrument.so
7fb512b7d000-7fb512b7e000 r--p 00009000 08:01 818367                     /usr/lib/jvm/java-11-openjdk-amd64/lib/libinstrument.so
7fb512b7e000-7fb512b7f000 rw-p 0000a000 08:01 818367                     /usr/lib/jvm/java-11-openjdk-amd64/lib/libinstrument.so
7fb512b7f000-7fb512b84000 r-xp 00000000 08:01 818376                     /usr/lib/jvm/java-11-openjdk-amd64/lib/libjimage.so
7fb512b84000-7fb512d83000 ---p 00005000 08:01 818376                     /usr/lib/jvm/java-11-openjdk-amd64/lib/libjimage.so
7fb512d83000-7fb512d84000 r--p 00004000 08:01 818376                     /usr/lib/jvm/java-11-openjdk-amd64/lib/libjimage.so
7fb512d84000-7fb512d85000 rw-p 00005000 08:01 818376                     /usr/lib/jvm/java-11-openjdk-amd64/lib/libjimage.so
7fb512d85000-7fb512dae000 r-xp 00000000 08:01 818372                     /usr/lib/jvm/java-11-openjdk-amd64/lib/libjava.so
7fb512dae000-7fb512fae000 ---p 00029000 08:01 818372                     /usr/lib/jvm/java-11-openjdk-amd64/lib/libjava.so
7fb512fae000-7fb512faf000 r--p 00029000 08:01 818372                     /usr/lib/jvm/java-11-openjdk-amd64/lib/libjava.so
7fb512faf000-7fb512fb0000 rw-p 0002a000 08:01 818372                     /usr/lib/jvm/java-11-openjdk-amd64/lib/libjava.so
7fb512fb0000-7fb512fb1000 rw-p 00000000 00:00 0 
7fb512fb1000-7fb512fbe000 r-xp 00000000 08:01 818392                     /usr/lib/jvm/java-11-openjdk-amd64/lib/libverify.so
7fb512fbe000-7fb5131bd000 ---p 0000d000 08:01 818392                     /usr/lib/jvm/java-11-openjdk-amd64/lib/libverify.so
7fb5131bd000-7fb5131bf000 r--p 0000c000 08:01 818392                     /usr/lib/jvm/java-11-openjdk-amd64/lib/libverify.so
7fb5131bf000-7fb5131c0000 rw-p 0000e000 08:01 818392                     /usr/lib/jvm/java-11-openjdk-amd64/lib/libverify.so
7fb5131c0000-7fb5131c7000 r-xp 00000000 08:01 660758                     /lib/x86_64-linux-gnu/librt-2.27.so
7fb5131c7000-7fb5133c6000 ---p 00007000 08:01 660758                     /lib/x86_64-linux-gnu/librt-2.27.so
7fb5133c6000-7fb5133c7000 r--p 00006000 08:01 660758                     /lib/x86_64-linux-gnu/librt-2.27.so
7fb5133c7000-7fb5133c8000 rw-p 00007000 08:01 660758                     /lib/x86_64-linux-gnu/librt-2.27.so
7fb5133c8000-7fb5133df000 r-xp 00000000 08:01 655902                     /lib/x86_64-linux-gnu/libgcc_s.so.1
7fb5133df000-7fb5135de000 ---p 00017000 08:01 655902                     /lib/x86_64-linux-gnu/libgcc_s.so.1
7fb5135de000-7fb5135df000 r--p 00016000 08:01 655902                     /lib/x86_64-linux-gnu/libgcc_s.so.1
7fb5135df000-7fb5135e0000 rw-p 00017000 08:01 655902                     /lib/x86_64-linux-gnu/libgcc_s.so.1
7fb5135e0000-7fb51377d000 r-xp 00000000 08:01 660744                     /lib/x86_64-linux-gnu/libm-2.27.so
7fb51377d000-7fb51397c000 ---p 0019d000 08:01 660744                     /lib/x86_64-linux-gnu/libm-2.27.so
7fb51397c000-7fb51397d000 r--p 0019c000 08:01 660744                     /lib/x86_64-linux-gnu/libm-2.27.so
7fb51397d000-7fb51397e000 rw-p 0019d000 08:01 660744                     /lib/x86_64-linux-gnu/libm-2.27.so
7fb51397e000-7fb513af7000 r-xp 00000000 08:01 787635                     /usr/lib/x86_64-linux-gnu/libstdc++.so.6.0.25
7fb513af7000-7fb513cf7000 ---p 00179000 08:01 787635                     /usr/lib/x86_64-linux-gnu/libstdc++.so.6.0.25
7fb513cf7000-7fb513d01000 r--p 00179000 08:01 787635                     /usr/lib/x86_64-linux-gnu/libstdc++.so.6.0.25
7fb513d01000-7fb513d03000 rw-p 00183000 08:01 787635                     /usr/lib/x86_64-linux-gnu/libstdc++.so.6.0.25
7fb513d03000-7fb513d07000 rw-p 00000000 00:00 0 
7fb513d07000-7fb514ef8000 r-xp 00000000 08:01 818397                     /usr/lib/jvm/java-11-openjdk-amd64/lib/server/libjvm.so
7fb514ef8000-7fb5150f7000 ---p 011f1000 08:01 818397                     /usr/lib/jvm/java-11-openjdk-amd64/lib/server/libjvm.so
7fb5150f7000-7fb5151b8000 r--p 011f0000 08:01 818397                     /usr/lib/jvm/java-11-openjdk-amd64/lib/server/libjvm.so
7fb5151b8000-7fb5151f3000 rw-p 012b1000 08:01 818397                     /usr/lib/jvm/java-11-openjdk-amd64/lib/server/libjvm.so
7fb5151f3000-7fb51524a000 rw-p 00000000 00:00 0 
7fb51524a000-7fb515264000 r-xp 00000000 08:01 660756                     /lib/x86_64-linux-gnu/libpthread-2.27.so
7fb515264000-7fb515463000 ---p 0001a000 08:01 660756                     /lib/x86_64-linux-gnu/libpthread-2.27.so
7fb515463000-7fb515464000 r--p 00019000 08:01 660756                     /lib/x86_64-linux-gnu/libpthread-2.27.so
7fb515464000-7fb515465000 rw-p 0001a000 08:01 660756                     /lib/x86_64-linux-gnu/libpthread-2.27.so
7fb515465000-7fb515469000 rw-p 00000000 00:00 0 
7fb515469000-7fb51546c000 r-xp 00000000 08:01 660687                     /lib/x86_64-linux-gnu/libdl-2.27.so
7fb51546c000-7fb51566b000 ---p 00003000 08:01 660687                     /lib/x86_64-linux-gnu/libdl-2.27.so
7fb51566b000-7fb51566c000 r--p 00002000 08:01 660687                     /lib/x86_64-linux-gnu/libdl-2.27.so
7fb51566c000-7fb51566d000 rw-p 00003000 08:01 660687                     /lib/x86_64-linux-gnu/libdl-2.27.so
7fb51566d000-7fb515689000 r-xp 00000000 08:01 655385                     /lib/x86_64-linux-gnu/libz.so.1.2.11
7fb515689000-7fb515888000 ---p 0001c000 08:01 655385                     /lib/x86_64-linux-gnu/libz.so.1.2.11
7fb515888000-7fb515889000 r--p 0001b000 08:01 655385                     /lib/x86_64-linux-gnu/libz.so.1.2.11
7fb515889000-7fb51588a000 rw-p 0001c000 08:01 655385                     /lib/x86_64-linux-gnu/libz.so.1.2.11
7fb51588a000-7fb515a71000 r-xp 00000000 08:01 660683                     /lib/x86_64-linux-gnu/libc-2.27.so
7fb515a71000-7fb515c71000 ---p 001e7000 08:01 660683                     /lib/x86_64-linux-gnu/libc-2.27.so
7fb515c71000-7fb515c75000 r--p 001e7000 08:01 660683                     /lib/x86_64-linux-gnu/libc-2.27.so
7fb515c75000-7fb515c77000 rw-p 001eb000 08:01 660683                     /lib/x86_64-linux-gnu/libc-2.27.so
7fb515c77000-7fb515c7b000 rw-p 00000000 00:00 0 
7fb515c7b000-7fb515c8b000 r-xp 00000000 08:01 818356                     /usr/lib/jvm/java-11-openjdk-amd64/lib/jli/libjli.so
7fb515c8b000-7fb515e8a000 ---p 00010000 08:01 818356                     /usr/lib/jvm/java-11-openjdk-amd64/lib/jli/libjli.so
7fb515e8a000-7fb515e8b000 r--p 0000f000 08:01 818356                     /usr/lib/jvm/java-11-openjdk-amd64/lib/jli/libjli.so
7fb515e8b000-7fb515e8c000 rw-p 00010000 08:01 818356                     /usr/lib/jvm/java-11-openjdk-amd64/lib/jli/libjli.so
7fb515e8c000-7fb515eb5000 r-xp 00000000 08:01 660679                     /lib/x86_64-linux-gnu/ld-2.27.so
7fb515f82000-7fb515f94000 rw-p 00000000 00:00 0 
7fb515f94000-7fb515f98000 ---p 00000000 00:00 0 
7fb515f98000-7fb516097000 rw-p 00000000 00:00 0 
7fb51609b000-7fb5160a0000 rw-p 00000000 00:00 0 
7fb5160a0000-7fb5160a7000 ---p 00000000 00:00 0 
7fb5160a7000-7fb5160a9000 r--s 00007000 08:01 281012                     /usr/share/java/java-atk-wrapper.jar
7fb5160a9000-7fb5160b1000 rw-s 00000000 08:01 681733                     /tmp/hsperfdata_viewadmin/47334
7fb5160b1000-7fb5160b2000 ---p 00000000 00:00 0 
7fb5160b2000-7fb5160b3000 r--p 00000000 00:00 0 
7fb5160b3000-7fb5160b5000 rw-p 00000000 00:00 0 
7fb5160b5000-7fb5160b6000 r--p 00029000 08:01 660679                     /lib/x86_64-linux-gnu/ld-2.27.so
7fb5160b6000-7fb5160b7000 rw-p 0002a000 08:01 660679                     /lib/x86_64-linux-gnu/ld-2.27.so
7fb5160b7000-7fb5160b8000 rw-p 00000000 00:00 0 
7ffe455ff000-7ffe45621000 rw-p 00000000 00:00 0                          [stack]
7ffe4577a000-7ffe4577d000 r--p 00000000 00:00 0                          [vvar]
7ffe4577d000-7ffe4577f000 r-xp 00000000 00:00 0                          [vdso]
ffffffffff600000-ffffffffff601000 r-xp 00000000 00:00 0                  [vsyscall]


VM Arguments:
jvm_args: -Dallure.results.directory=/home/viewadmin/selenium/java/Selenium-Idea/build/allure-results -Dorg.gradle.native=false -Dselenide.browser=firefox -javaagent:/home/viewadmin/.gradle/caches/modules-2/files-2.1/org.aspectj/aspectjweaver/1.8.10/e198c5fee28988c355f74e06461614eae36b2032/aspectjweaver-1.8.10.jar -Xmx512m -Dfile.encoding=UTF-8 -Duser.country=US -Duser.language=en -Duser.variant -ea 
java_command: worker.org.gradle.process.internal.worker.GradleWorkerMain 'Gradle Test Executor 15'
java_class_path (initial): /home/viewadmin/.gradle/caches/6.7.1/workerMain/gradle-worker.jar:/home/viewadmin/selenium/java/Selenium-Idea/build/classes/java/test:/home/viewadmin/selenium/java/Selenium-Idea/build/resources/test:/home/viewadmin/selenium/java/Selenium-Idea/build/classes/java/main:/home/viewadmin/selenium/java/Selenium-Idea/build/resources/main:/home/viewadmin/.gradle/caches/modules-2/files-2.1/io.qameta.allure/allure-selenide/2.13.7/e62113087253d86e67af7d634f313d1e381ceca6/allure-selenide-2.13.7.jar:/home/viewadmin/.gradle/caches/modules-2/files-2.1/com.codeborne/selenide/5.16.2/430e093b4e8bd4a990006d9d0ca2e5a490b5cf72/selenide-5.16.2.jar:/home/viewadmin/.gradle/caches/modules-2/files-2.1/junit/junit/4.12/2973d150c0dc1fefe998f834810d68f278ea58ec/junit-4.12.jar:/home/viewadmin/.gradle/caches/modules-2/files-2.1/io.qameta.allure/allure-junit5/2.13.7/6bedebf3320ed8d1906697e2fccd269c9a4187d0/allure-junit5-2.13.7.jar:/home/viewadmin/.gradle/caches/modules-2/files-2.1/org.hamcrest/hamcrest/2.2/1820c0968dba3a11a1b30669bb1f01978a91dedc/hamcrest-2.2.jar:/home/viewadmin/.gradle/caches/modules-2/files-2.1/org.slf4j/slf4j-simple/1.7.29/82ae07f95088577987a15d90171de12b00d81847/slf4j-simple-1.7.29.jar:/home/viewadmin/.gradle/caches/modules-2/files-2.1/io.qameta.allure/allure-junit-platform/2.13.7/76b7d4d4da3fa3db297a52cd482bfecbe7c884ea/allure-junit-platform-2.13.7.jar:/home/viewadmin/.gradle/caches/modules-2/files-2.1/org.junit.platform/junit-platform-launcher/1.7.0/cfd2d9c8b6ff9f3880faad828454cd0166bc12d7/junit-platform-launcher-1.7.0.jar:/home/viewadmin/.gradle/caches/modules-2/files-2.1/org.junit.platform/junit-platform-engine/1.7.0/eadb73c5074a4ac71061defd00fc176152a4d12c/junit-platform-engine-1.7.0.jar:/home/viewadmin/.gradle/caches/modules-2/files-2.1/org.junit.platform/junit-platform-commons/1.7.0/84e309fbf21d857aac079a3c1fffd84284e1114d/junit-platform-commons-1.7.0.jar:/home/viewadmin/.gradle/caches/modules-2/files-2.1/org.junit.jupiter/junit-jupiter-engin
Launcher Type: SUN_STANDARD

[Global flags]
     intx CICompilerCount                          = 2                                         {product} {ergonomic}
     uint ConcGCThreads                            = 1                                         {product} {ergonomic}
     uint G1ConcRefinementThreads                  = 2                                         {product} {ergonomic}
   size_t G1HeapRegionSize                         = 1048576                                   {product} {ergonomic}
    uintx GCDrainStackTargetSize                   = 64                                        {product} {ergonomic}
   size_t InitialHeapSize                          = 264241152                                 {product} {ergonomic}
   size_t MarkStackSize                            = 4194304                                   {product} {ergonomic}
   size_t MaxHeapSize                              = 536870912                                 {product} {command line}
   size_t MinHeapDeltaBytes                        = 1048576                                   {product} {ergonomic}
    uintx NonNMethodCodeHeapSize                   = 5825164                                {pd product} {ergonomic}
    uintx NonProfiledCodeHeapSize                  = 122916538                              {pd product} {ergonomic}
    uintx ProfiledCodeHeapSize                     = 122916538                              {pd product} {ergonomic}
    uintx ReservedCodeCacheSize                    = 251658240                              {pd product} {ergonomic}
     bool SegmentedCodeCache                       = true                                      {product} {ergonomic}
     bool UseCompressedClassPointers               = true                                 {lp64_product} {ergonomic}
     bool UseCompressedOops                        = true                                 {lp64_product} {ergonomic}
     bool UseG1GC                                  = true                                      {product} {ergonomic}

Logging:
Log output configuration:
 #0: stdout all=warning uptime,level,tags
 #1: stderr all=off uptime,level,tags

Environment Variables:
PATH=/home/viewadmin/.nodenv/shims:/home/viewadmin/.nodenv/bin:/home/viewadmin/bin:/home/viewadmin/.local/bin:/opt/gradle-6.7.1/bin:/usr/local/sbin:/usr/local/bin:/usr/sbin:/usr/bin:/sbin:/bin:/usr/games:/usr/local/games:/snap/bin
USERNAME=viewadmin
SHELL=/bin/bash
DISPLAY=:100
LANG=en_US.UTF-8

Signal Handlers:
SIGSEGV: [libjvm.so+0xeeaf50], sa_mask[0]=11111111011111111101111111111110, sa_flags=SA_RESTART|SA_SIGINFO
SIGBUS: [libjvm.so+0xeeaf50], sa_mask[0]=11111111011111111101111111111110, sa_flags=SA_RESTART|SA_SIGINFO
SIGFPE: [libjvm.so+0xeeaf50], sa_mask[0]=11111111011111111101111111111110, sa_flags=SA_RESTART|SA_SIGINFO
SIGPIPE: [libjvm.so+0xc0ee30], sa_mask[0]=11111111011111111101111111111110, sa_flags=SA_RESTART|SA_SIGINFO
SIGXFSZ: [libjvm.so+0xc0ee30], sa_mask[0]=11111111011111111101111111111110, sa_flags=SA_RESTART|SA_SIGINFO
SIGILL: [libjvm.so+0xeeaf50], sa_mask[0]=11111111011111111101111111111110, sa_flags=SA_RESTART|SA_SIGINFO
SIGUSR2: [libjvm.so+0xc0ecd0], sa_mask[0]=00100000000000000000000000000000, sa_flags=SA_RESTART|SA_SIGINFO
SIGHUP: SIG_DFL, sa_mask[0]=00000000000000000000000000000000, sa_flags=none
SIGINT: SIG_DFL, sa_mask[0]=00000000000000000000000000000000, sa_flags=none
SIGTERM: SIG_DFL, sa_mask[0]=00000000000000000000000000000000, sa_flags=none
SIGQUIT: SIG_DFL, sa_mask[0]=00000000000000000000000000000000, sa_flags=none


---------------  S Y S T E M  ---------------

OS:DISTRIB_ID=Ubuntu
DISTRIB_RELEASE=18.04
DISTRIB_CODENAME=bionic
DISTRIB_DESCRIPTION="Ubuntu 18.04.5 LTS"
uname:Linux 4.15.0-132-generic #136-Ubuntu SMP Tue Jan 12 14:58:42 UTC 2021 x86_64
OS uptime: 6 days 6:16 hours
libc:glibc 2.27 NPTL 2.27 
rlimit (soft/hard): STACK 8192k/infinity , CORE 0k/infinity , NPROC 63885/63885 , NOFILE 4096/4096 , AS infinity/infinity , CPU infinity/infinity , DATA infinity/infinity , FSIZE infinity/infinity , MEMLOCK 65536k/65536k
load average:4.23 3.08 2.49

/proc/meminfo:
MemTotal:       16402112 kB
MemFree:          155336 kB
MemAvailable:     121584 kB
Buffers:           16780 kB
Cached:           547352 kB
SwapCached:            0 kB
Active:         15155488 kB
Inactive:         468668 kB
Active(anon):   15074688 kB
Inactive(anon):   396752 kB
Active(file):      80800 kB
Inactive(file):    71916 kB
Unevictable:          32 kB
Mlocked:              32 kB
SwapTotal:             0 kB
SwapFree:              0 kB
Dirty:               544 kB
Writeback:             0 kB
AnonPages:      15060508 kB
Mapped:           517532 kB
Shmem:            411456 kB
Slab:             299900 kB
SReclaimable:     118004 kB
SUnreclaim:       181896 kB
KernelStack:       32728 kB
PageTables:       122964 kB
NFS_Unstable:          0 kB
Bounce:                0 kB
WritebackTmp:          0 kB
CommitLimit:     8201056 kB
Committed_AS:   24514412 kB
VmallocTotal:   34359738367 kB
VmallocUsed:           0 kB
VmallocChunk:          0 kB
HardwareCorrupted:     0 kB
AnonHugePages:     16384 kB
ShmemHugePages:        0 kB
ShmemPmdMapped:        0 kB
CmaTotal:              0 kB
CmaFree:               0 kB
HugePages_Total:       0
HugePages_Free:        0
HugePages_Rsvd:        0
HugePages_Surp:        0
Hugepagesize:       2048 kB
DirectMap4k:     1132352 kB
DirectMap2M:    15644672 kB

/sys/kernel/mm/transparent_hugepage/enabled:
always [madvise] never
/sys/kernel/mm/transparent_hugepage/defrag (defrag/compaction efforts parameter):
always defer defer+madvise [madvise] never

/proc/sys/kernel/threads-max (system-wide limit on the number of threads):
127770
/proc/sys/vm/max_map_count (maximum number of memory map areas a process may have):
65530
/proc/sys/kernel/pid_max (system-wide limit on number of process identifiers):
131072

container (cgroup) information:
container_type: cgroupv1
cpu_cpuset_cpus: 0-1
cpu_memory_nodes: 0
active_processor_count: 2
cpu_quota: -1
cpu_period: 100000
cpu_shares: -1
memory_limit_in_bytes: -1
memory_and_swap_limit_in_bytes: -2
memory_soft_limit_in_bytes: -1
memory_usage_in_bytes: 11720912896
memory_max_usage_in_bytes: 11840135168

VMWare virtualization detected
Steal ticks since vm start: 0
Steal ticks percentage since vm start:  0.000

CPU:total 2 (initial active 2) (1 cores per cpu, 1 threads per core) family 6 model 45 stepping 2, cmov, cx8, fxsr, mmx, sse, sse2, sse3, ssse3, sse4.1, sse4.2, popcnt, avx, aes, clmul, tsc, tscinvbit, tscinv
CPU Model and flags from /proc/cpuinfo:
model name	: Intel(R) Xeon(R) CPU E5-2620 v3 @ 2.40GHz
flags		: fpu vme de pse tsc msr pae mce cx8 apic sep mtrr pge mca cmov pat pse36 clflush mmx fxsr sse sse2 ss syscall nx rdtscp lm constant_tsc arch_perfmon nopl xtopology tsc_reliable nonstop_tsc cpuid pni pclmulqdq ssse3 cx16 pcid sse4_1 sse4_2 x2apic popcnt tsc_deadline_timer aes xsave avx hypervisor lahf_lm pti ssbd ibrs ibpb stibp tsc_adjust arat flush_l1d arch_capabilities
Online cpus:
0-1
Offline cpus:
2-127
BIOS frequency limitation:
<Not Available>
Frequency switch latency (ns):
<Not Available>
Available cpu frequencies:
<Not Available>
Current governor:
<Not Available>
Core performance/turbo boost:
<Not Available>

Memory: 4k page, physical 16402112k(155336k free), swap 0k(0k free)

vm_info: OpenJDK 64-Bit Server VM (11.0.9.1+1-Ubuntu-0ubuntu1.18.04) for linux-amd64 JRE (11.0.9.1+1-Ubuntu-0ubuntu1.18.04), built on Nov 10 2020 04:18:42 by "unknown" with gcc 7.5.0

END.
